<?xml version="1.0" encoding="UTF-8"?>
<!-- Generated by org.testng.reporters.JUnitReportReporter -->
<testsuite hostname="writeknow-lm" name="com.chen.hello.jersey.HelloWorldIT" tests="1" failures="0" timestamp="5 Aug 2013 07:19:12 GMT" time="4.782" errors="0">
  <testcase name="testIT" time="4.782" classname="com.chen.hello.jersey.HelloWorldIT"/>
</testsuite> <!-- com.chen.hello.jersey.HelloWorldIT -->
