<?xml version="1.0" encoding="UTF-8"?>
<!-- Generated by org.testng.reporters.JUnitReportReporter -->
<testsuite hostname="writeknow-lm" name="com.chen.hello.jersey.CityRequestSmokeTest" tests="1" failures="0" timestamp="9 Aug 2013 00:38:43 GMT" time="21.808" errors="0">
  <testcase name="testIT" time="21.808" classname="com.chen.hello.jersey.CityRequestSmokeTest"/>
</testsuite> <!-- com.chen.hello.jersey.CityRequestSmokeTest -->
