<?xml version="1.0" encoding="UTF-8"?>
<!-- Generated by org.testng.reporters.JUnitReportReporter -->
<testsuite hostname="writeknow-lm" name="com.chen.hello.testHelloWorld" tests="1" failures="0" timestamp="9 Aug 2013 00:38:43 GMT" time="0.001" errors="0">
  <testcase name="testHelloWorld1" time="0.001" classname="com.chen.hello.testHelloWorld"/>
</testsuite> <!-- com.chen.hello.testHelloWorld -->
